The list including .001.cam. has been fitered, which includes 17
The list including .002.cam. has been fitered, which includes 17
The list including .003.cam. has been fitered, which includes 17
The list including .004.cam. has been fitered, which includes 17
The list including .005.cam. has been fitered, which includes 17
The list including .006.cam. has been fitered, which includes 17
The list including .007.cam. has been fitered, which includes 17
The list including .008.cam. has been fitered, which includes 17
The list including .009.cam. has been fitered, which includes 17
The list including .010.cam. has been fitered, which includes 17
<xarray.Dataset>
Dimensions:    (time: 60226, bnds: 2, lat: 192, lon: 288)
Coordinates:
  * time       (time) object 1850-01-01 00:00:00 ... 2015-01-01 00:00:00
  * lat        (lat) float64 -90.0 -89.06 -88.12 -87.17 ... 88.12 89.06 90.0
  * lon        (lon) float64 0.0 1.25 2.5 3.75 5.0 ... 355.0 356.2 357.5 358.8
Dimensions without coordinates: bnds
Data variables: (12/14)
    time_bnds  (time, bnds) object ...
    gw         (lat) float64 ...
    date       (time) float64 ...
    datesec    (time) float64 ...
    ndcur      (time) float64 ...
    nscur      (time) float64 ...
    ...         ...
    n2ovmr     (time) float64 ...
    f11vmr     (time) float64 ...
    f12vmr     (time) float64 ...
    sol_tsi    (time) float64 ...
    nsteph     (time) float64 ...
    U850       (time, lat, lon) float32 ...
Attributes:
    CDI:               Climate Data Interface version 2.3.0 (https://mpimet.m...
    Conventions:       CF-1.0
    source:            CAM
    case:              b.e21.BHISTcmip6.f09_g17.LE2-1001.001
    logname:           sunseon
    host:              mom1
    initial_file:      b.e21.B1850.f09_g17.CMIP6-piControl.001.cam.i.1001-01-...
    topography_file:   /mnt/lustre/share/CESM/cesm_input/atm/cam/topo/fv_0.9x...
    model_doi_url:     https://doi.org/10.5065/D67H1H0V
    time_period_freq:  day_1
    history:           Mon Feb 12 08:30:20 2024: cdo -O -s -cat /home/sun/dat...
    CDO:               Climate Data Operators version 2.3.0 (https://mpimet.m...
Sucessfully calculate U850 for the whole period for member 1
<xarray.Dataset>
Dimensions:    (time: 60226, bnds: 2, lat: 192, lon: 288)
Coordinates:
  * time       (time) object 1850-01-01 00:00:00 ... 2015-01-01 00:00:00
  * lat        (lat) float64 -90.0 -89.06 -88.12 -87.17 ... 88.12 89.06 90.0
  * lon        (lon) float64 0.0 1.25 2.5 3.75 5.0 ... 355.0 356.2 357.5 358.8
Dimensions without coordinates: bnds
Data variables: (12/14)
    time_bnds  (time, bnds) object ...
    gw         (lat) float64 ...
    date       (time) float64 ...
    datesec    (time) float64 ...
    ndcur      (time) float64 ...
    nscur      (time) float64 ...
    ...         ...
    n2ovmr     (time) float64 ...
    f11vmr     (time) float64 ...
    f12vmr     (time) float64 ...
    sol_tsi    (time) float64 ...
    nsteph     (time) float64 ...
    U850       (time, lat, lon) float32 ...
Attributes:
    CDI:               Climate Data Interface version 2.3.0 (https://mpimet.m...
    Conventions:       CF-1.0
    source:            CAM
    case:              b.e21.BHISTcmip6.f09_g17.LE2-1021.002
    logname:           sunseon
    host:              mom2
    initial_file:      b.e21.B1850.f09_g17.CMIP6-piControl.001.cam.i.1021-01-...
    topography_file:   /mnt/lustre/share/CESM/cesm_input/atm/cam/topo/fv_0.9x...
    model_doi_url:     https://doi.org/10.5065/D67H1H0V
    time_period_freq:  day_1
    history:           Mon Feb 12 08:35:20 2024: cdo -O -s -cat /home/sun/dat...
    CDO:               Climate Data Operators version 2.3.0 (https://mpimet.m...
Sucessfully calculate U850 for the whole period for member 2
<xarray.Dataset>
Dimensions:    (time: 60226, bnds: 2, lat: 192, lon: 288)
Coordinates:
  * time       (time) object 1850-01-01 00:00:00 ... 2015-01-01 00:00:00
  * lat        (lat) float64 -90.0 -89.06 -88.12 -87.17 ... 88.12 89.06 90.0
  * lon        (lon) float64 0.0 1.25 2.5 3.75 5.0 ... 355.0 356.2 357.5 358.8
Dimensions without coordinates: bnds
Data variables: (12/14)
    time_bnds  (time, bnds) object ...
    gw         (lat) float64 ...
    date       (time) float64 ...
    datesec    (time) float64 ...
    ndcur      (time) float64 ...
    nscur      (time) float64 ...
    ...         ...
    n2ovmr     (time) float64 ...
    f11vmr     (time) float64 ...
    f12vmr     (time) float64 ...
    sol_tsi    (time) float64 ...
    nsteph     (time) float64 ...
    U850       (time, lat, lon) float32 ...
Attributes:
    CDI:               Climate Data Interface version 2.3.0 (https://mpimet.m...
    Conventions:       CF-1.0
    source:            CAM
    case:              b.e21.BHISTcmip6.f09_g17.LE2-1041.003
    logname:           sunseon
    host:              mom1
    initial_file:      b.e21.B1850.f09_g17.CMIP6-piControl.001.cam.i.1041-01-...
    topography_file:   /mnt/lustre/share/CESM/cesm_input/atm/cam/topo/fv_0.9x...
    model_doi_url:     https://doi.org/10.5065/D67H1H0V
    time_period_freq:  day_1
    history:           Mon Feb 12 08:40:18 2024: cdo -O -s -cat /home/sun/dat...
    CDO:               Climate Data Operators version 2.3.0 (https://mpimet.m...
Sucessfully calculate U850 for the whole period for member 3
<xarray.Dataset>
Dimensions:    (time: 60226, bnds: 2, lat: 192, lon: 288)
Coordinates:
  * time       (time) object 1850-01-01 00:00:00 ... 2015-01-01 00:00:00
  * lat        (lat) float64 -90.0 -89.06 -88.12 -87.17 ... 88.12 89.06 90.0
  * lon        (lon) float64 0.0 1.25 2.5 3.75 5.0 ... 355.0 356.2 357.5 358.8
Dimensions without coordinates: bnds
Data variables: (12/14)
    time_bnds  (time, bnds) object ...
    gw         (lat) float64 ...
    date       (time) float64 ...
    datesec    (time) float64 ...
    ndcur      (time) float64 ...
    nscur      (time) float64 ...
    ...         ...
    n2ovmr     (time) float64 ...
    f11vmr     (time) float64 ...
    f12vmr     (time) float64 ...
    sol_tsi    (time) float64 ...
    nsteph     (time) float64 ...
    U850       (time, lat, lon) float32 ...
Attributes:
    CDI:               Climate Data Interface version 2.3.0 (https://mpimet.m...
    Conventions:       CF-1.0
    source:            CAM
    case:              b.e21.BHISTcmip6.f09_g17.LE2-1061.004
    logname:           sunseon
    host:              mom2
    initial_file:      b.e21.B1850.f09_g17.CMIP6-piControl.001.cam.i.1061-01-...
    topography_file:   /mnt/lustre/share/CESM/cesm_input/atm/cam/topo/fv_0.9x...
    model_doi_url:     https://doi.org/10.5065/D67H1H0V
    time_period_freq:  day_1
    history:           Mon Feb 12 08:44:14 2024: cdo -O -s -cat /home/sun/dat...
    CDO:               Climate Data Operators version 2.3.0 (https://mpimet.m...
Sucessfully calculate U850 for the whole period for member 4
<xarray.Dataset>
Dimensions:    (time: 60226, bnds: 2, lat: 192, lon: 288)
Coordinates:
  * time       (time) object 1850-01-01 00:00:00 ... 2015-01-01 00:00:00
  * lat        (lat) float64 -90.0 -89.06 -88.12 -87.17 ... 88.12 89.06 90.0
  * lon        (lon) float64 0.0 1.25 2.5 3.75 5.0 ... 355.0 356.2 357.5 358.8
Dimensions without coordinates: bnds
Data variables: (12/14)
    time_bnds  (time, bnds) object ...
    gw         (lat) float64 ...
    date       (time) float64 ...
    datesec    (time) float64 ...
    ndcur      (time) float64 ...
    nscur      (time) float64 ...
    ...         ...
    n2ovmr     (time) float64 ...
    f11vmr     (time) float64 ...
    f12vmr     (time) float64 ...
    sol_tsi    (time) float64 ...
    nsteph     (time) float64 ...
    U850       (time, lat, lon) float32 ...
Attributes:
    CDI:               Climate Data Interface version 2.3.0 (https://mpimet.m...
    Conventions:       CF-1.0
    source:            CAM
    case:              b.e21.BHISTcmip6.f09_g17.LE2-1081.005
    logname:           sunseon
    host:              mom1
    initial_file:      b.e21.B1850.f09_g17.CMIP6-piControl.001.cam.i.1081-01-...
    topography_file:   /mnt/lustre/share/CESM/cesm_input/atm/cam/topo/fv_0.9x...
    model_doi_url:     https://doi.org/10.5065/D67H1H0V
    time_period_freq:  day_1
    history:           Mon Feb 12 08:48:09 2024: cdo -O -s -cat /home/sun/dat...
    CDO:               Climate Data Operators version 2.3.0 (https://mpimet.m...
Sucessfully calculate U850 for the whole period for member 5
<xarray.Dataset>
Dimensions:    (time: 60226, bnds: 2, lat: 192, lon: 288)
Coordinates:
  * time       (time) object 1850-01-01 00:00:00 ... 2015-01-01 00:00:00
  * lat        (lat) float64 -90.0 -89.06 -88.12 -87.17 ... 88.12 89.06 90.0
  * lon        (lon) float64 0.0 1.25 2.5 3.75 5.0 ... 355.0 356.2 357.5 358.8
Dimensions without coordinates: bnds
Data variables: (12/14)
    time_bnds  (time, bnds) object ...
    gw         (lat) float64 ...
    date       (time) float64 ...
    datesec    (time) float64 ...
    ndcur      (time) float64 ...
    nscur      (time) float64 ...
    ...         ...
    n2ovmr     (time) float64 ...
    f11vmr     (time) float64 ...
    f12vmr     (time) float64 ...
    sol_tsi    (time) float64 ...
    nsteph     (time) float64 ...
    U850       (time, lat, lon) float32 ...
Attributes:
    CDI:               Climate Data Interface version 2.3.0 (https://mpimet.m...
    Conventions:       CF-1.0
    source:            CAM
    case:              b.e21.BHISTcmip6.f09_g17.LE2-1101.006
    logname:           sunseon
    host:              mom2
    initial_file:      b.e21.B1850.f09_g17.CMIP6-piControl.001.cam.i.1101-01-...
    topography_file:   /mnt/lustre/share/CESM/cesm_input/atm/cam/topo/fv_0.9x...
    model_doi_url:     https://doi.org/10.5065/D67H1H0V
    time_period_freq:  day_1
    history:           Mon Feb 12 08:52:29 2024: cdo -O -s -cat /home/sun/dat...
    CDO:               Climate Data Operators version 2.3.0 (https://mpimet.m...
Sucessfully calculate U850 for the whole period for member 6
<xarray.Dataset>
Dimensions:    (time: 60226, bnds: 2, lat: 192, lon: 288)
Coordinates:
  * time       (time) object 1850-01-01 00:00:00 ... 2015-01-01 00:00:00
  * lat        (lat) float64 -90.0 -89.06 -88.12 -87.17 ... 88.12 89.06 90.0
  * lon        (lon) float64 0.0 1.25 2.5 3.75 5.0 ... 355.0 356.2 357.5 358.8
Dimensions without coordinates: bnds
Data variables: (12/14)
    time_bnds  (time, bnds) object ...
    gw         (lat) float64 ...
    date       (time) float64 ...
    datesec    (time) float64 ...
    ndcur      (time) float64 ...
    nscur      (time) float64 ...
    ...         ...
    n2ovmr     (time) float64 ...
    f11vmr     (time) float64 ...
    f12vmr     (time) float64 ...
    sol_tsi    (time) float64 ...
    nsteph     (time) float64 ...
    U850       (time, lat, lon) float32 ...
Attributes:
    CDI:               Climate Data Interface version 2.3.0 (https://mpimet.m...
    Conventions:       CF-1.0
    source:            CAM
    case:              b.e21.BHISTcmip6.f09_g17.LE2-1121.007
    logname:           sunseon
    host:              mom1
    initial_file:      b.e21.B1850.f09_g17.CMIP6-piControl.001.cam.i.1121-01-...
    topography_file:   /mnt/lustre/share/CESM/cesm_input/atm/cam/topo/fv_0.9x...
    model_doi_url:     https://doi.org/10.5065/D67H1H0V
    time_period_freq:  day_1
    history:           Mon Feb 12 08:57:05 2024: cdo -O -s -cat /home/sun/dat...
    CDO:               Climate Data Operators version 2.3.0 (https://mpimet.m...
Sucessfully calculate U850 for the whole period for member 7
<xarray.Dataset>
Dimensions:    (time: 60226, bnds: 2, lat: 192, lon: 288)
Coordinates:
  * time       (time) object 1850-01-01 00:00:00 ... 2015-01-01 00:00:00
  * lat        (lat) float64 -90.0 -89.06 -88.12 -87.17 ... 88.12 89.06 90.0
  * lon        (lon) float64 0.0 1.25 2.5 3.75 5.0 ... 355.0 356.2 357.5 358.8
Dimensions without coordinates: bnds
Data variables: (12/14)
    time_bnds  (time, bnds) object ...
    gw         (lat) float64 ...
    date       (time) float64 ...
    datesec    (time) float64 ...
    ndcur      (time) float64 ...
    nscur      (time) float64 ...
    ...         ...
    n2ovmr     (time) float64 ...
    f11vmr     (time) float64 ...
    f12vmr     (time) float64 ...
    sol_tsi    (time) float64 ...
    nsteph     (time) float64 ...
    U850       (time, lat, lon) float32 ...
Attributes:
    CDI:               Climate Data Interface version 2.3.0 (https://mpimet.m...
    Conventions:       CF-1.0
    source:            CAM
    case:              b.e21.BHISTcmip6.f09_g17.LE2-1141.008
    logname:           sunseon
    host:              mom1
    initial_file:      b.e21.B1850.f09_g17.CMIP6-piControl.001.cam.i.1141-01-...
    topography_file:   /mnt/lustre/share/CESM/cesm_input/atm/cam/topo/fv_0.9x...
    model_doi_url:     https://doi.org/10.5065/D67H1H0V
    time_period_freq:  day_1
    history:           Mon Feb 12 09:01:45 2024: cdo -O -s -cat /home/sun/dat...
    CDO:               Climate Data Operators version 2.3.0 (https://mpimet.m...
Sucessfully calculate U850 for the whole period for member 8
<xarray.Dataset>
Dimensions:    (time: 60226, bnds: 2, lat: 192, lon: 288)
Coordinates:
  * time       (time) object 1850-01-01 00:00:00 ... 2015-01-01 00:00:00
  * lat        (lat) float64 -90.0 -89.06 -88.12 -87.17 ... 88.12 89.06 90.0
  * lon        (lon) float64 0.0 1.25 2.5 3.75 5.0 ... 355.0 356.2 357.5 358.8
Dimensions without coordinates: bnds
Data variables: (12/14)
    time_bnds  (time, bnds) object ...
    gw         (lat) float64 ...
    date       (time) float64 ...
    datesec    (time) float64 ...
    ndcur      (time) float64 ...
    nscur      (time) float64 ...
    ...         ...
    n2ovmr     (time) float64 ...
    f11vmr     (time) float64 ...
    f12vmr     (time) float64 ...
    sol_tsi    (time) float64 ...
    nsteph     (time) float64 ...
    U850       (time, lat, lon) float32 ...
Attributes:
    CDI:               Climate Data Interface version 2.3.0 (https://mpimet.m...
    Conventions:       CF-1.0
    source:            CAM
    case:              b.e21.BHISTcmip6.f09_g17.LE2-1161.009
    logname:           sunseon
    host:              mom2
    initial_file:      b.e21.B1850.f09_g17.CMIP6-piControl.001.cam.i.1161-01-...
    topography_file:   /mnt/lustre/share/CESM/cesm_input/atm/cam/topo/fv_0.9x...
    model_doi_url:     https://doi.org/10.5065/D67H1H0V
    time_period_freq:  day_1
    history:           Mon Feb 12 09:05:59 2024: cdo -O -s -cat /home/sun/dat...
    CDO:               Climate Data Operators version 2.3.0 (https://mpimet.m...
Sucessfully calculate U850 for the whole period for member 9
<xarray.Dataset>
Dimensions:    (time: 60226, bnds: 2, lat: 192, lon: 288)
Coordinates:
  * time       (time) object 1850-01-01 00:00:00 ... 2015-01-01 00:00:00
  * lat        (lat) float64 -90.0 -89.06 -88.12 -87.17 ... 88.12 89.06 90.0
  * lon        (lon) float64 0.0 1.25 2.5 3.75 5.0 ... 355.0 356.2 357.5 358.8
Dimensions without coordinates: bnds
Data variables: (12/14)
    time_bnds  (time, bnds) object ...
    gw         (lat) float64 ...
    date       (time) float64 ...
    datesec    (time) float64 ...
    ndcur      (time) float64 ...
    nscur      (time) float64 ...
    ...         ...
    n2ovmr     (time) float64 ...
    f11vmr     (time) float64 ...
    f12vmr     (time) float64 ...
    sol_tsi    (time) float64 ...
    nsteph     (time) float64 ...
    U850       (time, lat, lon) float32 ...
Attributes:
    CDI:               Climate Data Interface version 2.3.0 (https://mpimet.m...
    Conventions:       CF-1.0
    source:            CAM
    case:              b.e21.BHISTcmip6.f09_g17.LE2-1181.010
    logname:           sunseon
    host:              mom2
    initial_file:      b.e21.B1850.f09_g17.CMIP6-piControl.001.cam.i.1181-01-...
    topography_file:   /mnt/lustre/share/CESM/cesm_input/atm/cam/topo/fv_0.9x...
    model_doi_url:     https://doi.org/10.5065/D67H1H0V
    time_period_freq:  day_1
    history:           Mon Feb 12 09:10:30 2024: cdo -O -s -cat /home/sun/dat...
    CDO:               Climate Data Operators version 2.3.0 (https://mpimet.m...
Sucessfully calculate U850 for the whole period for member 10
Mann_Kendall_Test(trend='no trend', h=False, p=0.1478976913945229, z=1.4469972585117208, Tau=0.07851625498684323, s=925.0, var_s=407763.6666666667, slope=0.011764705882352941, intercept=123.1)
Sucessfully calculate U850 for the whole period for member 1
Sucessfully calculate U850 for the whole period for member 2
Sucessfully calculate U850 for the whole period for member 3
Sucessfully calculate U850 for the whole period for member 4
Sucessfully calculate U850 for the whole period for member 5
Sucessfully calculate U850 for the whole period for member 6
Sucessfully calculate U850 for the whole period for member 7
Sucessfully calculate U850 for the whole period for member 8
Sucessfully calculate U850 for the whole period for member 9
Sucessfully calculate U850 for the whole period for member 10
(165, 365)
Mann_Kendall_Test(trend='no trend', h=False, p=0.4505983550867865, z=0.7544178524843641, Tau=0.04141280353200883, s=469.0, var_s=384829.0, slope=0.0, intercept=142.0)
